<?xml version="1.0" encoding="UTF-8"?>
<!-- Generated by org.testng.reporters.JUnitReportReporter -->
<testsuite skipped="0" hostname="PeopleNTechs-iMac.local" name="search.TestSearch" tests="1" failures="0" timestamp="16 Sep 2018 16:12:51 GMT" time="25.190" errors="0">
  <testcase name="searchData" time="25.190" classname="search.TestSearch"/>
</testsuite> <!-- search.TestSearch -->
