<?xml version="1.0" encoding="UTF-8"?>
<!-- Generated by org.testng.reporters.JUnitReportReporter -->
<testsuite hostname="matiurs-MacBook-Pro.local" failures="0" tests="1" name="rest.SingleEmployeeRestServices" time="3.664" errors="0" timestamp="04 Oct 2018 23:44:26 GMT" skipped="0">
  <testcase classname="rest.SingleEmployeeRestServices" name="callSingleEmployeeResources" time="3.664"/>
</testsuite> <!-- rest.SingleEmployeeRestServices -->
