<?xml version="1.0" encoding="UTF-8"?>
<!-- Generated by org.testng.reporters.JUnitReportReporter -->
<testsuite hostname="matiurs-MacBook-Pro.local" failures="0" tests="3" name="rest.AllEmployeeRestServices" time="4.120" errors="0" timestamp="04 Oct 2018 23:44:26 GMT" skipped="0">
  <testcase classname="rest.AllEmployeeRestServices" name="serverErrorCallAllEmployeeResources" time="1.948"/>
  <testcase classname="rest.AllEmployeeRestServices" name="badCallAllEmployeeResources" time="0.241"/>
  <testcase classname="rest.AllEmployeeRestServices" name="callAllEmployeeResources" time="1.931"/>
</testsuite> <!-- rest.AllEmployeeRestServices -->
