<?xml version="1.0" encoding="UTF-8"?>
<!-- Generated by org.testng.reporters.JUnitReportReporter -->
<testsuite skipped="0" hostname="PeopleNTechs-iMac.local" name="search.TestSearch" tests="1" failures="0" timestamp="23 Sep 2018 15:03:57 GMT" time="128.274" errors="0">
  <testcase name="searchData" time="128.274" classname="search.TestSearch"/>
</testsuite> <!-- search.TestSearch -->
